<?xml version="1.0" encoding="UTF-8" ?>
<testsuite errors="0" failures="0" hostname="AMIT-COLLEGE" name="assignment5.SortUtilTest" skipped="0" tests="5" time="0.083" timestamp="2016-06-28T14:38:05">
  <properties>
[...]
</properties>
  <testcase classname="assignment5.SortUtilTest" name="testMergesort" time="0.003" />
  <testcase classname="assignment5.SortUtilTest" name="testMergesort2" time="0.001" />
  <testcase classname="assignment5.SortUtilTest" name="testinsertionsort" time="0.0" />
  <testcase classname="assignment5.SortUtilTest" name="testFindPivot" time="0.0" />
  <testcase classname="assignment5.SortUtilTest" name="testQuicksort" time="0.002" />
  <system-out><![CDATA[begjkmuwxz printed Mergesort 
12345678910111213141516 printed Mergesort 
begjkmuwxz printed Insertionsort 
length of list 11
begjkmuwxz printed Quicksort 
abccdeef printed Quicksort 
]]></system-out>
  <system-err><![CDATA[]]></system-err>
</testsuite>
